<?xml version="1.0" encoding="UTF-8"?>
<!-- Generated by org.testng.reporters.JUnitXMLReporter -->
<testsuite hostname="Shaan" failures="0" tests="6" name="Default test" time="0.02" errors="0" timestamp="18 Jul 2022 09:24:51 GMT">
  <testcase classname="Maven_Projects.testScripts.practice2" name="Practice10" time="0.008"/>
  <testcase classname="Maven_Projects.testScripts.practice2" name="Practice20" time="0.0"/>
  <testcase classname="Maven_Projects.testScripts.practice2" name="Practice30" time="0.0"/>
  <testcase classname="Maven_Projects.testScripts.practice1" name="Practice1" time="0.001"/>
  <testcase classname="Maven_Projects.testScripts.practice1" name="Practice2" time="0.0"/>
  <testcase classname="Maven_Projects.testScripts.practice1" name="Practice3" time="0.0"/>
</testsuite> <!-- Default test -->
